CRITICAL - 2025-09-29 03:53:54 --> Error: Class "App\Models\Perfumes" not found
[Method: GET, Route: perfumes]
in APPPATH\Controllers\perfumesController.php on line 12.
 1 SYSTEMPATH\CodeIgniter.php(933): App\Controllers\perfumesController->verPerfumes()
 2 SYSTEMPATH\CodeIgniter.php(507): CodeIgniter\CodeIgniter->runController(Object(App\Controllers\perfumesController))
 3 SYSTEMPATH\CodeIgniter.php(354): CodeIgniter\CodeIgniter->handleRequest(null, Object(Config\Cache), false)
 4 SYSTEMPATH\Boot.php(363): CodeIgniter\CodeIgniter->run()
 5 SYSTEMPATH\Boot.php(68): CodeIgniter\Boot::runCodeIgniter(Object(CodeIgniter\CodeIgniter))
 6 FCPATH\index.php(59): CodeIgniter\Boot::bootWeb(Object(Config\Paths))
 7 SYSTEMPATH\rewrite.php(44): require_once('C:\\xampp\\htdocs\\proyectovaleria\\FeticheProyecto\\public\\index.php')
CRITICAL - 2025-09-29 04:07:42 --> Error: Class "App\Models\Perfumes" not found
[Method: GET, Route: perfumes]
in APPPATH\Controllers\perfumesController.php on line 12.
 1 SYSTEMPATH\CodeIgniter.php(933): App\Controllers\perfumesController->verPerfumes()
 2 SYSTEMPATH\CodeIgniter.php(507): CodeIgniter\CodeIgniter->runController(Object(App\Controllers\perfumesController))
 3 SYSTEMPATH\CodeIgniter.php(354): CodeIgniter\CodeIgniter->handleRequest(null, Object(Config\Cache), false)
 4 SYSTEMPATH\Boot.php(363): CodeIgniter\CodeIgniter->run()
 5 SYSTEMPATH\Boot.php(68): CodeIgniter\Boot::runCodeIgniter(Object(CodeIgniter\CodeIgniter))
 6 FCPATH\index.php(59): CodeIgniter\Boot::bootWeb(Object(Config\Paths))
 7 SYSTEMPATH\rewrite.php(44): require_once('C:\\xampp\\htdocs\\proyectovaleria\\FeticheProyecto\\public\\index.php')
CRITICAL - 2025-09-29 04:09:48 --> Error: Class "App\Models\Perfumes" not found
[Method: GET, Route: perfumes]
in APPPATH\Controllers\perfumesController.php on line 12.
 1 SYSTEMPATH\CodeIgniter.php(933): App\Controllers\perfumesController->verPerfumes()
 2 SYSTEMPATH\CodeIgniter.php(507): CodeIgniter\CodeIgniter->runController(Object(App\Controllers\perfumesController))
 3 SYSTEMPATH\CodeIgniter.php(354): CodeIgniter\CodeIgniter->handleRequest(null, Object(Config\Cache), false)
 4 SYSTEMPATH\Boot.php(363): CodeIgniter\CodeIgniter->run()
 5 SYSTEMPATH\Boot.php(68): CodeIgniter\Boot::runCodeIgniter(Object(CodeIgniter\CodeIgniter))
 6 FCPATH\index.php(59): CodeIgniter\Boot::bootWeb(Object(Config\Paths))
 7 SYSTEMPATH\rewrite.php(44): require_once('C:\\xampp\\htdocs\\proyectovaleria\\FeticheProyecto\\public\\index.php')
CRITICAL - 2025-09-29 04:10:26 --> Error: Class "App\Models\Perfumes" not found
[Method: GET, Route: perfumes]
in APPPATH\Controllers\perfumesController.php on line 12.
 1 SYSTEMPATH\CodeIgniter.php(933): App\Controllers\perfumesController->verPerfumes()
 2 SYSTEMPATH\CodeIgniter.php(507): CodeIgniter\CodeIgniter->runController(Object(App\Controllers\perfumesController))
 3 SYSTEMPATH\CodeIgniter.php(354): CodeIgniter\CodeIgniter->handleRequest(null, Object(Config\Cache), false)
 4 SYSTEMPATH\Boot.php(363): CodeIgniter\CodeIgniter->run()
 5 SYSTEMPATH\Boot.php(68): CodeIgniter\Boot::runCodeIgniter(Object(CodeIgniter\CodeIgniter))
 6 FCPATH\index.php(59): CodeIgniter\Boot::bootWeb(Object(Config\Paths))
 7 SYSTEMPATH\rewrite.php(44): require_once('C:\\xampp\\htdocs\\proyectovaleria\\FeticheProyecto\\public\\index.php')
CRITICAL - 2025-09-29 04:11:01 --> Error: Class "App\Models\Perfumes" not found
[Method: GET, Route: perfumes]
in APPPATH\Controllers\perfumesController.php on line 12.
 1 SYSTEMPATH\CodeIgniter.php(933): App\Controllers\perfumesController->verPerfumes()
 2 SYSTEMPATH\CodeIgniter.php(507): CodeIgniter\CodeIgniter->runController(Object(App\Controllers\perfumesController))
 3 SYSTEMPATH\CodeIgniter.php(354): CodeIgniter\CodeIgniter->handleRequest(null, Object(Config\Cache), false)
 4 SYSTEMPATH\Boot.php(363): CodeIgniter\CodeIgniter->run()
 5 SYSTEMPATH\Boot.php(68): CodeIgniter\Boot::runCodeIgniter(Object(CodeIgniter\CodeIgniter))
 6 FCPATH\index.php(59): CodeIgniter\Boot::bootWeb(Object(Config\Paths))
 7 SYSTEMPATH\rewrite.php(44): require_once('C:\\xampp\\htdocs\\proyectovaleria\\FeticheProyecto\\public\\index.php')
ERROR - 2025-09-29 04:21:19 --> Error connecting to the database: mysqli_sql_exception: Unknown database 'bd_perfumeria' in C:\xampp\htdocs\proyectovaleria\FeticheProyecto\system\Database\MySQLi\Connection.php:201
Stack trace:
#0 C:\xampp\htdocs\proyectovaleria\FeticheProyecto\system\Database\MySQLi\Connection.php(201): mysqli->real_connect('localhost', 'root', Object(SensitiveParameterValue), 'bd_perfumeria', 3306, '', 0)
#1 C:\xampp\htdocs\proyectovaleria\FeticheProyecto\system\Database\BaseConnection.php(419): CodeIgniter\Database\MySQLi\Connection->connect(false)
#2 C:\xampp\htdocs\proyectovaleria\FeticheProyecto\system\Database\BaseConnection.php(614): CodeIgniter\Database\BaseConnection->initialize()
#3 C:\xampp\htdocs\proyectovaleria\FeticheProyecto\system\Database\BaseBuilder.php(1649): CodeIgniter\Database\BaseConnection->query('SELECT *\nFROM `...', Array, false)
#4 C:\xampp\htdocs\proyectovaleria\FeticheProyecto\system\Model.php(286): CodeIgniter\Database\BaseBuilder->get()
#5 C:\xampp\htdocs\proyectovaleria\FeticheProyecto\system\BaseModel.php(677): CodeIgniter\Model->doFindAll(0, 0)
#6 C:\xampp\htdocs\proyectovaleria\FeticheProyecto\app\Controllers\perfumesController.php(13): CodeIgniter\BaseModel->findAll()
#7 C:\xampp\htdocs\proyectovaleria\FeticheProyecto\system\CodeIgniter.php(933): App\Controllers\perfumesController->verPerfumes()
#8 C:\xampp\htdocs\proyectovaleria\FeticheProyecto\system\CodeIgniter.php(507): CodeIgniter\CodeIgniter->runController(Object(App\Controllers\perfumesController))
#9 C:\xampp\htdocs\proyectovaleria\FeticheProyecto\system\CodeIgniter.php(354): CodeIgniter\CodeIgniter->handleRequest(NULL, Object(Config\Cache), false)
#10 C:\xampp\htdocs\proyectovaleria\FeticheProyecto\system\Boot.php(363): CodeIgniter\CodeIgniter->run()
#11 C:\xampp\htdocs\proyectovaleria\FeticheProyecto\system\Boot.php(68): CodeIgniter\Boot::runCodeIgniter(Object(CodeIgniter\CodeIgniter))
#12 C:\xampp\htdocs\proyectovaleria\FeticheProyecto\public\index.php(59): CodeIgniter\Boot::bootWeb(Object(Config\Paths))
#13 C:\xampp\htdocs\proyectovaleria\FeticheProyecto\system\rewrite.php(44): require_once('C:\\xampp\\htdocs...')
#14 {main}

Next CodeIgniter\Database\Exceptions\DatabaseException: Unknown database 'bd_perfumeria' in C:\xampp\htdocs\proyectovaleria\FeticheProyecto\system\Database\MySQLi\Connection.php:246
Stack trace:
#0 C:\xampp\htdocs\proyectovaleria\FeticheProyecto\system\Database\BaseConnection.php(419): CodeIgniter\Database\MySQLi\Connection->connect(false)
#1 C:\xampp\htdocs\proyectovaleria\FeticheProyecto\system\Database\BaseConnection.php(614): CodeIgniter\Database\BaseConnection->initialize()
#2 C:\xampp\htdocs\proyectovaleria\FeticheProyecto\system\Database\BaseBuilder.php(1649): CodeIgniter\Database\BaseConnection->query('SELECT *\nFROM `...', Array, false)
#3 C:\xampp\htdocs\proyectovaleria\FeticheProyecto\system\Model.php(286): CodeIgniter\Database\BaseBuilder->get()
#4 C:\xampp\htdocs\proyectovaleria\FeticheProyecto\system\BaseModel.php(677): CodeIgniter\Model->doFindAll(0, 0)
#5 C:\xampp\htdocs\proyectovaleria\FeticheProyecto\app\Controllers\perfumesController.php(13): CodeIgniter\BaseModel->findAll()
#6 C:\xampp\htdocs\proyectovaleria\FeticheProyecto\system\CodeIgniter.php(933): App\Controllers\perfumesController->verPerfumes()
#7 C:\xampp\htdocs\proyectovaleria\FeticheProyecto\system\CodeIgniter.php(507): CodeIgniter\CodeIgniter->runController(Object(App\Controllers\perfumesController))
#8 C:\xampp\htdocs\proyectovaleria\FeticheProyecto\system\CodeIgniter.php(354): CodeIgniter\CodeIgniter->handleRequest(NULL, Object(Config\Cache), false)
#9 C:\xampp\htdocs\proyectovaleria\FeticheProyecto\system\Boot.php(363): CodeIgniter\CodeIgniter->run()
#10 C:\xampp\htdocs\proyectovaleria\FeticheProyecto\system\Boot.php(68): CodeIgniter\Boot::runCodeIgniter(Object(CodeIgniter\CodeIgniter))
#11 C:\xampp\htdocs\proyectovaleria\FeticheProyecto\public\index.php(59): CodeIgniter\Boot::bootWeb(Object(Config\Paths))
#12 C:\xampp\htdocs\proyectovaleria\FeticheProyecto\system\rewrite.php(44): require_once('C:\\xampp\\htdocs...')
#13 {main}
CRITICAL - 2025-09-29 04:21:19 --> CodeIgniter\Database\Exceptions\DatabaseException: Unable to connect to the database.
Main connection [MySQLi]: Unknown database 'bd_perfumeria'
[Method: GET, Route: perfumes]
in SYSTEMPATH\Database\BaseConnection.php on line 465.
 1 SYSTEMPATH\Database\BaseConnection.php(614): CodeIgniter\Database\BaseConnection->initialize()
 2 SYSTEMPATH\Database\BaseBuilder.php(1649): CodeIgniter\Database\BaseConnection->query('SELECT *
FROM `perfume`', [], false)
 3 SYSTEMPATH\Model.php(286): CodeIgniter\Database\BaseBuilder->get()
 4 SYSTEMPATH\BaseModel.php(677): CodeIgniter\Model->doFindAll(0, 0)
 5 APPPATH\Controllers\perfumesController.php(13): CodeIgniter\BaseModel->findAll()
 6 SYSTEMPATH\CodeIgniter.php(933): App\Controllers\perfumesController->verPerfumes()
 7 SYSTEMPATH\CodeIgniter.php(507): CodeIgniter\CodeIgniter->runController(Object(App\Controllers\perfumesController))
 8 SYSTEMPATH\CodeIgniter.php(354): CodeIgniter\CodeIgniter->handleRequest(null, Object(Config\Cache), false)
 9 SYSTEMPATH\Boot.php(363): CodeIgniter\CodeIgniter->run()
10 SYSTEMPATH\Boot.php(68): CodeIgniter\Boot::runCodeIgniter(Object(CodeIgniter\CodeIgniter))
11 FCPATH\index.php(59): CodeIgniter\Boot::bootWeb(Object(Config\Paths))
12 SYSTEMPATH\rewrite.php(44): require_once('C:\\xampp\\htdocs\\proyectovaleria\\FeticheProyecto\\public\\index.php')
CRITICAL - 2025-09-29 13:36:41 --> CodeIgniter\HTTP\Exceptions\BadRequestException: The URI you submitted has disallowed characters: "usuarios}"
[Method: GET, Route: usuarios%7D]
in SYSTEMPATH\Router\Router.php on line 741.
 1 SYSTEMPATH\Router\Router.php(207): CodeIgniter\Router\Router->checkDisallowedChars('usuarios}')
 2 SYSTEMPATH\CodeIgniter.php(832): CodeIgniter\Router\Router->handle('usuarios}')
 3 SYSTEMPATH\CodeIgniter.php(455): CodeIgniter\CodeIgniter->tryToRouteIt(Object(CodeIgniter\Router\RouteCollection))
 4 SYSTEMPATH\CodeIgniter.php(354): CodeIgniter\CodeIgniter->handleRequest(null, Object(Config\Cache), false)
 5 SYSTEMPATH\Boot.php(363): CodeIgniter\CodeIgniter->run()
 6 SYSTEMPATH\Boot.php(68): CodeIgniter\Boot::runCodeIgniter(Object(CodeIgniter\CodeIgniter))
 7 FCPATH\index.php(59): CodeIgniter\Boot::bootWeb(Object(Config\Paths))
 8 SYSTEMPATH\rewrite.php(44): require_once('C:\\xampp\\htdocs\\proyectovaleria\\FeticheProyecto\\public\\index.php')
